\BOOKMARK [0][-]{chapter.1}{\376\377\0001\000\040\000H\000i\000e\000r\000a\000r\000c\000h\000i\000j\000o\000s\000\040\000I\000n\000d\000e\000k\000s\000a\000s}{}% 1
\BOOKMARK [1][-]{section.1.1}{\376\377\0001\000.\0001\000\040\000K\000l\000a\000s\000i\001\163\000\040\000h\000i\000e\000r\000a\000r\000c\000h\000i\000j\000a}{chapter.1}% 2
\BOOKMARK [0][-]{chapter.2}{\376\377\0002\000\040\000K\000l\000a\000s\001\027\000s\000\040\000I\000n\000d\000e\000k\000s\000a\000s}{}% 3
\BOOKMARK [1][-]{section.2.1}{\376\377\0002\000.\0001\000\040\000K\000l\000a\000s\001\027\000s}{chapter.2}% 4
\BOOKMARK [0][-]{chapter.3}{\376\377\0003\000\040\000F\000a\000i\000l\000o\000\040\000I\000n\000d\000e\000k\000s\000a\000s}{}% 5
\BOOKMARK [1][-]{section.3.1}{\376\377\0003\000.\0001\000\040\000F\000a\000i\000l\000a\000i}{chapter.3}% 6
\BOOKMARK [0][-]{chapter.4}{\376\377\0004\000\040\000K\000l\000a\000s\001\027\000s\000\040\000D\000o\000k\000u\000m\000e\000n\000t\000a\000c\000i\000j\000a}{}% 7
\BOOKMARK [1][-]{section.4.1}{\376\377\0004\000.\0001\000\040\000A\000n\000i\000m\000a\000l\000\040\000K\000l\000a\000s\001\027}{chapter.4}% 8
\BOOKMARK [2][-]{subsection.4.1.1}{\376\377\0004\000.\0001\000.\0001\000\040\000S\000m\000u\000l\000k\000u\000s\000\040\000a\000p\000r\000a\001\141\000y\000m\000a\000s}{section.4.1}% 9
\BOOKMARK [2][-]{subsection.4.1.2}{\376\377\0004\000.\0001\000.\0002\000\040\000K\000o\000n\000s\000t\000r\000u\000k\000t\000o\000r\000i\000a\000u\000s\000\040\000i\000r\000\040\000D\000e\000s\000t\000r\000u\000k\000t\000o\000r\000i\000a\000u\000s\000\040\000D\000o\000k\000u\000m\000e\000n\000t\000a\000c\000i\000j\000a}{section.4.1}% 10
\BOOKMARK [3][-]{subsubsection.4.1.2.1}{\376\377\0004\000.\0001\000.\0002\000.\0001\000\040\000A\000n\000i\000m\000a\000l\000\050\000\051\000\040\000[\0001\000/\0002\000]}{subsection.4.1.2}% 11
\BOOKMARK [3][-]{subsubsection.4.1.2.2}{\376\377\0004\000.\0001\000.\0002\000.\0002\000\040\000A\000n\000i\000m\000a\000l\000\050\000\051\000\040\000[\0002\000/\0002\000]}{subsection.4.1.2}% 12
\BOOKMARK [2][-]{subsection.4.1.3}{\376\377\0004\000.\0001\000.\0003\000\040\000M\000e\000t\000o\000d\001\163\000\040\000D\000o\000k\000u\000m\000e\000n\000t\000a\000c\000i\000j\000a}{section.4.1}% 13
\BOOKMARK [3][-]{subsubsection.4.1.3.1}{\376\377\0004\000.\0001\000.\0003\000.\0001\000\040\000g\000e\000t\000I\000D\000\050\000\051}{subsection.4.1.3}% 14
\BOOKMARK [3][-]{subsubsection.4.1.3.2}{\376\377\0004\000.\0001\000.\0003\000.\0002\000\040\000g\000e\000t\000N\000a\000m\000e\000\050\000\051}{subsection.4.1.3}% 15
\BOOKMARK [3][-]{subsubsection.4.1.3.3}{\376\377\0004\000.\0001\000.\0003\000.\0003\000\040\000g\000e\000t\000X\000\050\000\051}{subsection.4.1.3}% 16
\BOOKMARK [3][-]{subsubsection.4.1.3.4}{\376\377\0004\000.\0001\000.\0003\000.\0004\000\040\000g\000e\000t\000Y\000\050\000\051}{subsection.4.1.3}% 17
\BOOKMARK [3][-]{subsubsection.4.1.3.5}{\376\377\0004\000.\0001\000.\0003\000.\0005\000\040\000m\000o\000v\000e\000\050\000\051}{subsection.4.1.3}% 18
\BOOKMARK [3][-]{subsubsection.4.1.3.6}{\376\377\0004\000.\0001\000.\0003\000.\0006\000\040\000o\000p\000e\000r\000a\000t\000o\000r\000=\000\050\000\051}{subsection.4.1.3}% 19
\BOOKMARK [3][-]{subsubsection.4.1.3.7}{\376\377\0004\000.\0001\000.\0003\000.\0007\000\040\000s\000e\000t\000M\000o\000v\000e\000m\000e\000n\000t\000S\000t\000r\000a\000t\000e\000g\000y\000\050\000\051}{subsection.4.1.3}% 20
\BOOKMARK [2][-]{subsection.4.1.4}{\376\377\0004\000.\0001\000.\0004\000\040\000D\000r\000a\000u\000g\000i\001\141\000k\001\163\000\040\000I\000r\000\040\000S\000u\000s\000i\000j\000u\000s\000i\001\163\000\040\000F\000u\000n\000k\000c\000i\000j\001\163\000\040\000D\000o\000k\000u\000m\000e\000n\000t\000a\000c\000i\000j\000a}{section.4.1}% 21
\BOOKMARK [3][-]{subsubsection.4.1.4.1}{\376\377\0004\000.\0001\000.\0004\000.\0001\000\040\000o\000p\000e\000r\000a\000t\000o\000r\000<\000<}{subsection.4.1.4}% 22
\BOOKMARK [3][-]{subsubsection.4.1.4.2}{\376\377\0004\000.\0001\000.\0004\000.\0002\000\040\000o\000p\000e\000r\000a\000t\000o\000r\000>\000>}{subsection.4.1.4}% 23
\BOOKMARK [1][-]{section.4.2}{\376\377\0004\000.\0002\000\040\000A\000n\000i\000m\000a\000l\000E\000x\000c\000e\000p\000t\000i\000o\000n\000\040\000K\000l\000a\000s\001\027}{chapter.4}% 24
\BOOKMARK [2][-]{subsection.4.2.1}{\376\377\0004\000.\0002\000.\0001\000\040\000K\000o\000n\000s\000t\000r\000u\000k\000t\000o\000r\000i\000a\000u\000s\000\040\000i\000r\000\040\000D\000e\000s\000t\000r\000u\000k\000t\000o\000r\000i\000a\000u\000s\000\040\000D\000o\000k\000u\000m\000e\000n\000t\000a\000c\000i\000j\000a}{section.4.2}% 25
\BOOKMARK [3][-]{subsubsection.4.2.1.1}{\376\377\0004\000.\0002\000.\0001\000.\0001\000\040\000A\000n\000i\000m\000a\000l\000E\000x\000c\000e\000p\000t\000i\000o\000n\000\050\000\051}{subsection.4.2.1}% 26
\BOOKMARK [2][-]{subsection.4.2.2}{\376\377\0004\000.\0002\000.\0002\000\040\000M\000e\000t\000o\000d\001\163\000\040\000D\000o\000k\000u\000m\000e\000n\000t\000a\000c\000i\000j\000a}{section.4.2}% 27
\BOOKMARK [3][-]{subsubsection.4.2.2.1}{\376\377\0004\000.\0002\000.\0002\000.\0001\000\040\000w\000h\000a\000t\000\050\000\051}{subsection.4.2.2}% 28
\BOOKMARK [1][-]{section.4.3}{\376\377\0004\000.\0003\000\040\000D\000i\000a\000g\000o\000n\000a\000l\000M\000o\000v\000e\000m\000e\000n\000t\000\040\000K\000l\000a\000s\001\027}{chapter.4}% 29
\BOOKMARK [2][-]{subsection.4.3.1}{\376\377\0004\000.\0003\000.\0001\000\040\000S\000m\000u\000l\000k\000u\000s\000\040\000a\000p\000r\000a\001\141\000y\000m\000a\000s}{section.4.3}% 30
\BOOKMARK [2][-]{subsection.4.3.2}{\376\377\0004\000.\0003\000.\0002\000\040\000K\000o\000n\000s\000t\000r\000u\000k\000t\000o\000r\000i\000a\000u\000s\000\040\000i\000r\000\040\000D\000e\000s\000t\000r\000u\000k\000t\000o\000r\000i\000a\000u\000s\000\040\000D\000o\000k\000u\000m\000e\000n\000t\000a\000c\000i\000j\000a}{section.4.3}% 31
\BOOKMARK [3][-]{subsubsection.4.3.2.1}{\376\377\0004\000.\0003\000.\0002\000.\0001\000\040\000D\000i\000a\000g\000o\000n\000a\000l\000M\000o\000v\000e\000m\000e\000n\000t\000\050\000\051}{subsection.4.3.2}% 32
\BOOKMARK [2][-]{subsection.4.3.3}{\376\377\0004\000.\0003\000.\0003\000\040\000M\000e\000t\000o\000d\001\163\000\040\000D\000o\000k\000u\000m\000e\000n\000t\000a\000c\000i\000j\000a}{section.4.3}% 33
\BOOKMARK [3][-]{subsubsection.4.3.3.1}{\376\377\0004\000.\0003\000.\0003\000.\0001\000\040\000m\000o\000v\000e\000\050\000\051}{subsection.4.3.3}% 34
\BOOKMARK [3][-]{subsubsection.4.3.3.2}{\376\377\0004\000.\0003\000.\0003\000.\0002\000\040\000t\000y\000p\000e\000T\000a\000g\000\050\000\051}{subsection.4.3.3}% 35
\BOOKMARK [1][-]{section.4.4}{\376\377\0004\000.\0004\000\040\000M\000o\000v\000e\000m\000e\000n\000t\000S\000t\000r\000a\000t\000e\000g\000y\000\040\000K\000l\000a\000s\001\027}{chapter.4}% 36
\BOOKMARK [2][-]{subsection.4.4.1}{\376\377\0004\000.\0004\000.\0001\000\040\000S\000m\000u\000l\000k\000u\000s\000\040\000a\000p\000r\000a\001\141\000y\000m\000a\000s}{section.4.4}% 37
\BOOKMARK [2][-]{subsection.4.4.2}{\376\377\0004\000.\0004\000.\0002\000\040\000K\000o\000n\000s\000t\000r\000u\000k\000t\000o\000r\000i\000a\000u\000s\000\040\000i\000r\000\040\000D\000e\000s\000t\000r\000u\000k\000t\000o\000r\000i\000a\000u\000s\000\040\000D\000o\000k\000u\000m\000e\000n\000t\000a\000c\000i\000j\000a}{section.4.4}% 38
\BOOKMARK [3][-]{subsubsection.4.4.2.1}{\376\377\0004\000.\0004\000.\0002\000.\0001\000\040\000~\000M\000o\000v\000e\000m\000e\000n\000t\000S\000t\000r\000a\000t\000e\000g\000y\000\050\000\051}{subsection.4.4.2}% 39
\BOOKMARK [2][-]{subsection.4.4.3}{\376\377\0004\000.\0004\000.\0003\000\040\000M\000e\000t\000o\000d\001\163\000\040\000D\000o\000k\000u\000m\000e\000n\000t\000a\000c\000i\000j\000a}{section.4.4}% 40
\BOOKMARK [3][-]{subsubsection.4.4.3.1}{\376\377\0004\000.\0004\000.\0003\000.\0001\000\040\000d\000e\000s\000e\000r\000i\000a\000l\000i\000z\000e\000\050\000\051}{subsection.4.4.3}% 41
\BOOKMARK [3][-]{subsubsection.4.4.3.2}{\376\377\0004\000.\0004\000.\0003\000.\0002\000\040\000m\000o\000v\000e\000\050\000\051}{subsection.4.4.3}% 42
\BOOKMARK [3][-]{subsubsection.4.4.3.3}{\376\377\0004\000.\0004\000.\0003\000.\0003\000\040\000s\000e\000r\000i\000a\000l\000i\000z\000e\000\050\000\051}{subsection.4.4.3}% 43
\BOOKMARK [3][-]{subsubsection.4.4.3.4}{\376\377\0004\000.\0004\000.\0003\000.\0004\000\040\000t\000y\000p\000e\000T\000a\000g\000\050\000\051}{subsection.4.4.3}% 44
\BOOKMARK [1][-]{section.4.5}{\376\377\0004\000.\0005\000\040\000N\000o\000r\000m\000a\000l\000M\000o\000v\000e\000m\000e\000n\000t\000\040\000K\000l\000a\000s\001\027}{chapter.4}% 45
\BOOKMARK [2][-]{subsection.4.5.1}{\376\377\0004\000.\0005\000.\0001\000\040\000S\000m\000u\000l\000k\000u\000s\000\040\000a\000p\000r\000a\001\141\000y\000m\000a\000s}{section.4.5}% 46
\BOOKMARK [2][-]{subsection.4.5.2}{\376\377\0004\000.\0005\000.\0002\000\040\000K\000o\000n\000s\000t\000r\000u\000k\000t\000o\000r\000i\000a\000u\000s\000\040\000i\000r\000\040\000D\000e\000s\000t\000r\000u\000k\000t\000o\000r\000i\000a\000u\000s\000\040\000D\000o\000k\000u\000m\000e\000n\000t\000a\000c\000i\000j\000a}{section.4.5}% 47
\BOOKMARK [3][-]{subsubsection.4.5.2.1}{\376\377\0004\000.\0005\000.\0002\000.\0001\000\040\000N\000o\000r\000m\000a\000l\000M\000o\000v\000e\000m\000e\000n\000t\000\050\000\051}{subsection.4.5.2}% 48
\BOOKMARK [2][-]{subsection.4.5.3}{\376\377\0004\000.\0005\000.\0003\000\040\000M\000e\000t\000o\000d\001\163\000\040\000D\000o\000k\000u\000m\000e\000n\000t\000a\000c\000i\000j\000a}{section.4.5}% 49
\BOOKMARK [3][-]{subsubsection.4.5.3.1}{\376\377\0004\000.\0005\000.\0003\000.\0001\000\040\000m\000o\000v\000e\000\050\000\051}{subsection.4.5.3}% 50
\BOOKMARK [3][-]{subsubsection.4.5.3.2}{\376\377\0004\000.\0005\000.\0003\000.\0002\000\040\000t\000y\000p\000e\000T\000a\000g\000\050\000\051}{subsection.4.5.3}% 51
\BOOKMARK [1][-]{section.4.6}{\376\377\0004\000.\0006\000\040\000S\000p\000e\000e\000d\000B\000a\000s\000e\000d\000M\000o\000v\000e\000m\000e\000n\000t\000\040\000K\000l\000a\000s\001\027}{chapter.4}% 52
\BOOKMARK [2][-]{subsection.4.6.1}{\376\377\0004\000.\0006\000.\0001\000\040\000S\000m\000u\000l\000k\000u\000s\000\040\000a\000p\000r\000a\001\141\000y\000m\000a\000s}{section.4.6}% 53
\BOOKMARK [2][-]{subsection.4.6.2}{\376\377\0004\000.\0006\000.\0002\000\040\000K\000o\000n\000s\000t\000r\000u\000k\000t\000o\000r\000i\000a\000u\000s\000\040\000i\000r\000\040\000D\000e\000s\000t\000r\000u\000k\000t\000o\000r\000i\000a\000u\000s\000\040\000D\000o\000k\000u\000m\000e\000n\000t\000a\000c\000i\000j\000a}{section.4.6}% 54
\BOOKMARK [3][-]{subsubsection.4.6.2.1}{\376\377\0004\000.\0006\000.\0002\000.\0001\000\040\000S\000p\000e\000e\000d\000B\000a\000s\000e\000d\000M\000o\000v\000e\000m\000e\000n\000t\000\050\000\051}{subsection.4.6.2}% 55
\BOOKMARK [2][-]{subsection.4.6.3}{\376\377\0004\000.\0006\000.\0003\000\040\000M\000e\000t\000o\000d\001\163\000\040\000D\000o\000k\000u\000m\000e\000n\000t\000a\000c\000i\000j\000a}{section.4.6}% 56
\BOOKMARK [3][-]{subsubsection.4.6.3.1}{\376\377\0004\000.\0006\000.\0003\000.\0001\000\040\000d\000e\000s\000e\000r\000i\000a\000l\000i\000z\000e\000\050\000\051}{subsection.4.6.3}% 57
\BOOKMARK [3][-]{subsubsection.4.6.3.2}{\376\377\0004\000.\0006\000.\0003\000.\0002\000\040\000g\000e\000t\000S\000p\000e\000e\000d\000M\000u\000l\000t\000i\000p\000l\000i\000e\000r\000\050\000\051}{subsection.4.6.3}% 58
\BOOKMARK [3][-]{subsubsection.4.6.3.3}{\376\377\0004\000.\0006\000.\0003\000.\0003\000\040\000s\000e\000r\000i\000a\000l\000i\000z\000e\000\050\000\051}{subsection.4.6.3}% 59
\BOOKMARK [3][-]{subsubsection.4.6.3.4}{\376\377\0004\000.\0006\000.\0003\000.\0004\000\040\000s\000e\000t\000S\000p\000e\000e\000d\000M\000u\000l\000t\000i\000p\000l\000i\000e\000r\000\050\000\051}{subsection.4.6.3}% 60
\BOOKMARK [2][-]{subsection.4.6.4}{\376\377\0004\000.\0006\000.\0004\000\040\000A\000t\000r\000i\000b\000u\000t\001\163\000\040\000D\000o\000k\000u\000m\000e\000n\000t\000a\000c\000i\000j\000a}{section.4.6}% 61
\BOOKMARK [3][-]{subsubsection.4.6.4.1}{\376\377\0004\000.\0006\000.\0004\000.\0001\000\040\000s\000p\000e\000e\000d\000M\000u\000l\000t\000i\000p\000l\000i\000e\000r\000\137}{subsection.4.6.4}% 62
\BOOKMARK [0][-]{chapter.5}{\376\377\0005\000\040\000F\000a\000i\000l\000o\000\040\000D\000o\000k\000u\000m\000e\000n\000t\000a\000c\000i\000j\000a}{}% 63
\BOOKMARK [1][-]{section.5.1}{\376\377\0005\000.\0001\000\040\000s\000r\000c\000/\000a\000n\000i\000m\000a\000l\000/\000A\000n\000i\000m\000a\000l\000.\000c\000p\000p\000\040\000F\000a\000i\000l\000o\000\040\000N\000u\000o\000r\000o\000d\000a}{chapter.5}% 64
\BOOKMARK [2][-]{subsection.5.1.1}{\376\377\0005\000.\0001\000.\0001\000\040\000S\000m\000u\000l\000k\000u\000s\000\040\000a\000p\000r\000a\001\141\000y\000m\000a\000s}{section.5.1}% 65
\BOOKMARK [2][-]{subsection.5.1.2}{\376\377\0005\000.\0001\000.\0002\000\040\000F\000u\000n\000k\000c\000i\000j\000o\000s\000\040\000D\000o\000k\000u\000m\000e\000n\000t\000a\000c\000i\000j\000a}{section.5.1}% 66
\BOOKMARK [3][-]{subsubsection.5.1.2.1}{\376\377\0005\000.\0001\000.\0002\000.\0001\000\040\000o\000p\000e\000r\000a\000t\000o\000r\000<\000<\000\050\000\051}{subsection.5.1.2}% 67
\BOOKMARK [3][-]{subsubsection.5.1.2.2}{\376\377\0005\000.\0001\000.\0002\000.\0002\000\040\000o\000p\000e\000r\000a\000t\000o\000r\000>\000>\000\050\000\051}{subsection.5.1.2}% 68
\BOOKMARK [1][-]{section.5.2}{\376\377\0005\000.\0002\000\040\000s\000r\000c\000/\000a\000n\000i\000m\000a\000l\000/\000A\000n\000i\000m\000a\000l\000.\000h\000\040\000F\000a\000i\000l\000o\000\040\000N\000u\000o\000r\000o\000d\000a}{chapter.5}% 69
\BOOKMARK [2][-]{subsection.5.2.1}{\376\377\0005\000.\0002\000.\0001\000\040\000S\000m\000u\000l\000k\000u\000s\000\040\000a\000p\000r\000a\001\141\000y\000m\000a\000s}{section.5.2}% 70
\BOOKMARK [1][-]{section.5.3}{\376\377\0005\000.\0003\000\040\000A\000n\000i\000m\000a\000l\000.\000h}{chapter.5}% 71
\BOOKMARK [1][-]{section.5.4}{\376\377\0005\000.\0004\000\040\000s\000r\000c\000/\000a\000n\000i\000m\000a\000l\000/\000e\000x\000c\000e\000p\000t\000i\000o\000n\000/\000A\000n\000i\000m\000a\000l\000E\000x\000c\000e\000p\000t\000i\000o\000n\000.\000c\000p\000p\000\040\000F\000a\000i\000l\000o\000\040\000N\000u\000o\000r\000o\000d\000a}{chapter.5}% 72
\BOOKMARK [2][-]{subsection.5.4.1}{\376\377\0005\000.\0004\000.\0001\000\040\000S\000m\000u\000l\000k\000u\000s\000\040\000a\000p\000r\000a\001\141\000y\000m\000a\000s}{section.5.4}% 73
\BOOKMARK [1][-]{section.5.5}{\376\377\0005\000.\0005\000\040\000s\000r\000c\000/\000a\000n\000i\000m\000a\000l\000/\000e\000x\000c\000e\000p\000t\000i\000o\000n\000/\000A\000n\000i\000m\000a\000l\000E\000x\000c\000e\000p\000t\000i\000o\000n\000.\000h\000\040\000F\000a\000i\000l\000o\000\040\000N\000u\000o\000r\000o\000d\000a}{chapter.5}% 74
\BOOKMARK [2][-]{subsection.5.5.1}{\376\377\0005\000.\0005\000.\0001\000\040\000S\000m\000u\000l\000k\000u\000s\000\040\000a\000p\000r\000a\001\141\000y\000m\000a\000s}{section.5.5}% 75
\BOOKMARK [1][-]{section.5.6}{\376\377\0005\000.\0006\000\040\000A\000n\000i\000m\000a\000l\000E\000x\000c\000e\000p\000t\000i\000o\000n\000.\000h}{chapter.5}% 76
\BOOKMARK [1][-]{section.5.7}{\376\377\0005\000.\0007\000\040\000s\000r\000c\000/\000m\000a\000i\000n\000.\000c\000p\000p\000\040\000F\000a\000i\000l\000o\000\040\000N\000u\000o\000r\000o\000d\000a}{chapter.5}% 77
\BOOKMARK [2][-]{subsection.5.7.1}{\376\377\0005\000.\0007\000.\0001\000\040\000S\000m\000u\000l\000k\000u\000s\000\040\000a\000p\000r\000a\001\141\000y\000m\000a\000s}{section.5.7}% 78
\BOOKMARK [2][-]{subsection.5.7.2}{\376\377\0005\000.\0007\000.\0002\000\040\000F\000u\000n\000k\000c\000i\000j\000o\000s\000\040\000D\000o\000k\000u\000m\000e\000n\000t\000a\000c\000i\000j\000a}{section.5.7}% 79
\BOOKMARK [3][-]{subsubsection.5.7.2.1}{\376\377\0005\000.\0007\000.\0002\000.\0001\000\040\000m\000a\000i\000n\000\050\000\051}{subsection.5.7.2}% 80
\BOOKMARK [1][-]{section.5.8}{\376\377\0005\000.\0008\000\040\000s\000r\000c\000/\000m\000o\000v\000e\000m\000e\000n\000t\000/\000D\000i\000a\000g\000o\000n\000a\000l\000M\000o\000v\000e\000m\000e\000n\000t\000.\000h\000\040\000F\000a\000i\000l\000o\000\040\000N\000u\000o\000r\000o\000d\000a}{chapter.5}% 81
\BOOKMARK [2][-]{subsection.5.8.1}{\376\377\0005\000.\0008\000.\0001\000\040\000S\000m\000u\000l\000k\000u\000s\000\040\000a\000p\000r\000a\001\141\000y\000m\000a\000s}{section.5.8}% 82
\BOOKMARK [1][-]{section.5.9}{\376\377\0005\000.\0009\000\040\000D\000i\000a\000g\000o\000n\000a\000l\000M\000o\000v\000e\000m\000e\000n\000t\000.\000h}{chapter.5}% 83
\BOOKMARK [1][-]{section.5.10}{\376\377\0005\000.\0001\0000\000\040\000s\000r\000c\000/\000m\000o\000v\000e\000m\000e\000n\000t\000/\000M\000o\000v\000e\000m\000e\000n\000t\000S\000t\000r\000a\000t\000e\000g\000y\000.\000h\000\040\000F\000a\000i\000l\000o\000\040\000N\000u\000o\000r\000o\000d\000a}{chapter.5}% 84
\BOOKMARK [2][-]{subsection.5.10.1}{\376\377\0005\000.\0001\0000\000.\0001\000\040\000S\000m\000u\000l\000k\000u\000s\000\040\000a\000p\000r\000a\001\141\000y\000m\000a\000s}{section.5.10}% 85
\BOOKMARK [1][-]{section.5.11}{\376\377\0005\000.\0001\0001\000\040\000M\000o\000v\000e\000m\000e\000n\000t\000S\000t\000r\000a\000t\000e\000g\000y\000.\000h}{chapter.5}% 86
\BOOKMARK [1][-]{section.5.12}{\376\377\0005\000.\0001\0002\000\040\000s\000r\000c\000/\000m\000o\000v\000e\000m\000e\000n\000t\000/\000N\000o\000r\000m\000a\000l\000M\000o\000v\000e\000m\000e\000n\000t\000.\000h\000\040\000F\000a\000i\000l\000o\000\040\000N\000u\000o\000r\000o\000d\000a}{chapter.5}% 87
\BOOKMARK [2][-]{subsection.5.12.1}{\376\377\0005\000.\0001\0002\000.\0001\000\040\000S\000m\000u\000l\000k\000u\000s\000\040\000a\000p\000r\000a\001\141\000y\000m\000a\000s}{section.5.12}% 88
\BOOKMARK [1][-]{section.5.13}{\376\377\0005\000.\0001\0003\000\040\000N\000o\000r\000m\000a\000l\000M\000o\000v\000e\000m\000e\000n\000t\000.\000h}{chapter.5}% 89
\BOOKMARK [1][-]{section.5.14}{\376\377\0005\000.\0001\0004\000\040\000s\000r\000c\000/\000m\000o\000v\000e\000m\000e\000n\000t\000/\000S\000p\000e\000e\000d\000B\000a\000s\000e\000d\000M\000o\000v\000e\000m\000e\000n\000t\000.\000h\000\040\000F\000a\000i\000l\000o\000\040\000N\000u\000o\000r\000o\000d\000a}{chapter.5}% 90
\BOOKMARK [2][-]{subsection.5.14.1}{\376\377\0005\000.\0001\0004\000.\0001\000\040\000S\000m\000u\000l\000k\000u\000s\000\040\000a\000p\000r\000a\001\141\000y\000m\000a\000s}{section.5.14}% 91
\BOOKMARK [1][-]{section.5.15}{\376\377\0005\000.\0001\0005\000\040\000S\000p\000e\000e\000d\000B\000a\000s\000e\000d\000M\000o\000v\000e\000m\000e\000n\000t\000.\000h}{chapter.5}% 92
\BOOKMARK [0][-]{section*.50}{\376\377\000R\000o\000d\000y\000k\000l\001\027}{}% 93
